  Source.cpp
C:\Users\samsung\source\repos\algorithmProject\algorithmProject\Source.cpp(28,13): warning C4244: 'argument': conversion from 'time_t' to 'unsigned int', possible loss of data
C:\Users\samsung\source\repos\algorithmProject\algorithmProject\Source.cpp(29,21): warning C4018: '<': signed/unsigned mismatch
C:\Users\samsung\source\repos\algorithmProject\algorithmProject\Source.cpp(34,18): warning C4244: 'initializing': conversion from 'clock_t' to 'float', possible loss of data
C:\Users\samsung\source\repos\algorithmProject\algorithmProject\Source.cpp(36,17): warning C4244: 'initializing': conversion from 'clock_t' to 'float', possible loss of data
C:\Users\samsung\source\repos\algorithmProject\algorithmProject\Source.cpp(42,19): warning C4244: '=': conversion from 'clock_t' to 'float', possible loss of data
C:\Users\samsung\source\repos\algorithmProject\algorithmProject\Source.cpp(44,18): warning C4244: '=': conversion from 'clock_t' to 'float', possible loss of data
C:\Users\samsung\source\repos\algorithmProject\algorithmProject\Source.cpp(51,19): warning C4244: '=': conversion from 'clock_t' to 'float', possible loss of data
C:\Users\samsung\source\repos\algorithmProject\algorithmProject\Source.cpp(53,18): warning C4244: '=': conversion from 'clock_t' to 'float', possible loss of data
C:\Users\samsung\source\repos\algorithmProject\algorithmProject\Source.cpp(59,19): warning C4244: '=': conversion from 'clock_t' to 'float', possible loss of data
C:\Users\samsung\source\repos\algorithmProject\algorithmProject\Source.cpp(61,18): warning C4244: '=': conversion from 'clock_t' to 'float', possible loss of data
C:\Users\samsung\source\repos\algorithmProject\algorithmProject\Source.cpp(182,20): warning C4018: '<': signed/unsigned mismatch
C:\Users\samsung\source\repos\algorithmProject\algorithmProject\Source.cpp(194,20): warning C4018: '<': signed/unsigned mismatch
C:\Program Files (x86)\Microsoft Visual Studio\2019\Community\VC\Tools\MSVC\14.28.29333\include\thread(43,14): error C2672: 'invoke': no matching overloaded function found
C:\Program Files (x86)\Microsoft Visual Studio\2019\Community\VC\Tools\MSVC\14.28.29333\include\thread(49): message : see reference to function template instantiation 'unsigned int std::thread::_Invoke<_Tuple,0,1,2,3>(void *) noexcept' being compiled
          with
          [
              _Tuple=_Tuple
          ]
C:\Program Files (x86)\Microsoft Visual Studio\2019\Community\VC\Tools\MSVC\14.28.29333\include\thread(55): message : see reference to function template instantiation 'unsigned int (__stdcall *std::thread::_Get_invoke<_Tuple,0,1,2,3>(std::integer_sequence<size_t,0,1,2,3>) noexcept)(void *)' being compiled
C:\Users\samsung\source\repos\algorithmProject\algorithmProject\Source.cpp(35): message : see reference to function template instantiation 'std::thread::thread<void(__cdecl &)(std::vector<int,std::allocator<int>> &,int,int),std::vector<int,std::allocator<int>>&,int,unsigned int,0>(_Fn,std::vector<int,std::allocator<int>> &,int &&,unsigned int &&)' being compiled
          with
          [
              _Fn=void (__cdecl &)(std::vector<int,std::allocator<int>> &,int,int)
          ]
C:\Program Files (x86)\Microsoft Visual Studio\2019\Community\VC\Tools\MSVC\14.28.29333\include\thread(39,5): error C2893: Failed to specialize function template 'unknown-type std::invoke(_Callable &&,_Ty1 &&,_Types2 &&...) noexcept(<expr>)'
C:\Program Files (x86)\Microsoft Visual Studio\2019\Community\VC\Tools\MSVC\14.28.29333\include\type_traits(1588): message : see declaration of 'std::invoke'
C:\Program Files (x86)\Microsoft Visual Studio\2019\Community\VC\Tools\MSVC\14.28.29333\include\thread(39,5): message : With the following template arguments:
C:\Program Files (x86)\Microsoft Visual Studio\2019\Community\VC\Tools\MSVC\14.28.29333\include\thread(39,5): message : '_Callable=void (__cdecl *)(std::vector<int,std::allocator<int>> &,int,int)'
C:\Program Files (x86)\Microsoft Visual Studio\2019\Community\VC\Tools\MSVC\14.28.29333\include\thread(39,5): message : '_Ty1=std::vector<int,std::allocator<int>>'
C:\Program Files (x86)\Microsoft Visual Studio\2019\Community\VC\Tools\MSVC\14.28.29333\include\thread(39,5): message : '_Types2={int, unsigned int}'
C:\Program Files (x86)\Microsoft Visual Studio\2019\Community\VC\Tools\MSVC\14.28.29333\include\thread(39,5): error C2780: 'unknown-type std::invoke(_Callable &&) noexcept(<expr>)': expects 1 arguments - 4 provided
C:\Program Files (x86)\Microsoft Visual Studio\2019\Community\VC\Tools\MSVC\14.28.29333\include\type_traits(1582): message : see declaration of 'std::invoke'
C:\Program Files (x86)\Microsoft Visual Studio\2019\Community\VC\Tools\MSVC\14.28.29333\include\thread(39,5): error C2780: 'unknown-type std::invoke(_Callable &&) noexcept(<expr>)': expects 1 arguments - 3 provided
C:\Program Files (x86)\Microsoft Visual Studio\2019\Community\VC\Tools\MSVC\14.28.29333\include\type_traits(1582): message : see declaration of 'std::invoke'
